<?xml version="1.0" encoding="UTF-8"?>
<!-- Generated by org.testng.reporters.JUnitReportReporter -->
<testsuite hostname="DESKTOP-7JGMEUM" failures="0" tests="8" name="com.test.FitPeoAutomation" time="4.397" errors="0" timestamp="2024-08-03T22:02:45 IST" skipped="0">
  <testcase classname="com.test.FitPeoAutomation" name="navigateToRevenueCalculatorPage" time="0.213"/>
  <testcase classname="com.test.FitPeoAutomation" name="scrollDownSlider" time="1.162"/>
  <testcase classname="com.test.FitPeoAutomation" name="adjustSlider" time="0.720"/>
  <testcase classname="com.test.FitPeoAutomation" name="updateTextField" time="1.149"/>
  <testcase classname="com.test.FitPeoAutomation" name="validateSliderValue" time="0.068"/>
  <testcase classname="com.test.FitPeoAutomation" name="selectCPTCodes" time="0.897"/>
  <testcase classname="com.test.FitPeoAutomation" name="validateTotalRecurringReimbursement" time="0.112"/>
  <testcase classname="com.test.FitPeoAutomation" name="verifyDisplayValue" time="0.076"/>
</testsuite> <!-- com.test.FitPeoAutomation -->
