<?xml version="1.0" encoding="UTF-8"?>
<!-- Generated by org.testng.reporters.JUnitReportReporter -->
<testsuite hostname="DESKTOP-7JGMEUM" failures="0" tests="8" name="com.test.FitPeoAutomation" time="3.107" errors="0" timestamp="2024-08-03T20:08:52 IST" skipped="0">
  <testcase classname="com.test.FitPeoAutomation" name="navigateToRevenueCalculatorPage" time="0.078"/>
  <testcase classname="com.test.FitPeoAutomation" name="scrollDownSlider" time="1.328"/>
  <testcase classname="com.test.FitPeoAutomation" name="adjustSlider" time="0.524"/>
  <testcase classname="com.test.FitPeoAutomation" name="updateTextField" time="0.492"/>
  <testcase classname="com.test.FitPeoAutomation" name="validateSliderValue" time="0.037"/>
  <testcase classname="com.test.FitPeoAutomation" name="selectCPTCodes" time="0.523"/>
  <testcase classname="com.test.FitPeoAutomation" name="validateTotalRecurringReimbursement" time="0.071"/>
  <testcase classname="com.test.FitPeoAutomation" name="verifyDisplayValue" time="0.054"/>
</testsuite> <!-- com.test.FitPeoAutomation -->
